# JRE version: OpenJDK Runtime Environment (8.0_202-b03) (build 1.8.0_202-release-1483-b03)
# Java VM: OpenJDK 64-Bit Server VM (25.202-b03 mixed mode windows-amd64 compressed oops)
Heap:
 PSYoungGen      total 233472K, used 57725K [0x00000000e0000000, 0x00000000f0b00000, 0x0000000100000000)
  eden space 203776K, 15% used [0x00000000e0000000,0x00000000e1e311f0,0x00000000ec700000)
  from space 29696K, 90% used [0x00000000ec700000,0x00000000ee12e510,0x00000000ee400000)
  to   space 33280K, 0% used [0x00000000eea80000,0x00000000eea80000,0x00000000f0b00000)
 ParOldGen       total 256000K, used 46792K [0x00000000a0000000, 0x00000000afa00000, 0x00000000e0000000)
  object space 256000K, 18% used [0x00000000a0000000,0x00000000a2db2058,0x00000000afa00000)
 Metaspace       used 87744K, capacity 90966K, committed 91224K, reserved 1130496K
  class space    used 11118K, capacity 11784K, committed 11864K, reserved 1048576K
GC Heap History (10 events):
Event: 245.756 GC heap before
{Heap before GC invocations=18 (full 3):
 PSYoungGen      total 234496K, used 137256K [0x00000000e0000000, 0x00000000f0700000, 0x0000000100000000)
  eden space 203776K, 58% used [0x00000000e0000000,0x00000000e751b350,0x00000000ec700000)
  from space 30720K, 56% used [0x00000000ee400000,0x00000000ef4ef038,0x00000000f0200000)
  to   space 29696K, 0% used [0x00000000ec700000,0x00000000ec700000,0x00000000ee400000)
 ParOldGen       total 256000K, used 55551K [0x00000000a0000000, 0x00000000afa00000, 0x00000000e0000000)
  object space 256000K, 21% used [0x00000000a0000000,0x00000000a363fd90,0x00000000afa00000)
 Metaspace       used 84483K, capacity 87680K, committed 87768K, reserved 1126400K
  class space    used 10829K, capacity 11471K, committed 11480K, reserved 1048576K
Event: 245.777 GC heap after
Heap after GC invocations=18 (full 3):
 PSYoungGen      total 233472K, used 17300K [0x00000000e0000000, 0x00000000f0700000, 0x0000000100000000)
  eden space 203776K, 0% used [0x00000000e0000000,0x00000000e0000000,0x00000000ec700000)
  from space 29696K, 58% used [0x00000000ec700000,0x00000000ed7e5180,0x00000000ee400000)
  to   space 30720K, 0% used [0x00000000ee400000,0x00000000ee400000,0x00000000f0200000)
 ParOldGen       total 256000K, used 55559K [0x00000000a0000000, 0x00000000afa00000, 0x00000000e0000000)
  object space 256000K, 21% used [0x00000000a0000000,0x00000000a3641d90,0x00000000afa00000)
 Metaspace       used 84483K, capacity 87680K, committed 87768K, reserved 1126400K
  class space    used 10829K, capacity 11471K, committed 11480K, reserved 1048576K
}
Event: 245.777 GC heap before
{Heap before GC invocations=19 (full 4):
 PSYoungGen      total 233472K, used 17300K [0x00000000e0000000, 0x00000000f0700000, 0x0000000100000000)
  eden space 203776K, 0% used [0x00000000e0000000,0x00000000e0000000,0x00000000ec700000)
  from space 29696K, 58% used [0x00000000ec700000,0x00000000ed7e5180,0x00000000ee400000)
  to   space 30720K, 0% used [0x00000000ee400000,0x00000000ee400000,0x00000000f0200000)
 ParOldGen       total 256000K, used 55559K [0x00000000a0000000, 0x00000000afa00000, 0x00000000e0000000)
  object space 256000K, 21% used [0x00000000a0000000,0x00000000a3641d90,0x00000000afa00000)
 Metaspace       used 84483K, capacity 87680K, committed 87768K, reserved 1126400K
  class space    used 10829K, capacity 11471K, committed 11480K, reserved 1048576K
Event: 245.993 GC heap after
Heap after GC invocations=19 (full 4):
 PSYoungGen      total 233472K, used 0K [0x00000000e0000000, 0x00000000f0700000, 0x0000000100000000)
  eden space 203776K, 0% used [0x00000000e0000000,0x00000000e0000000,0x00000000ec700000)
  from space 29696K, 0% used [0x00000000ec700000,0x00000000ec700000,0x00000000ee400000)
  to   space 30720K, 0% used [0x00000000ee400000,0x00000000ee400000,0x00000000f0200000)
 ParOldGen       total 256000K, used 48231K [0x00000000a0000000, 0x00000000afa00000, 0x00000000e0000000)
  object space 256000K, 18% used [0x00000000a0000000,0x00000000a2f19d08,0x00000000afa00000)
 Metaspace       used 84376K, capacity 87380K, committed 87768K, reserved 1126400K
  class space    used 10795K, capacity 11411K, committed 11480K, reserved 1048576K
}
Event: 246.087 GC heap before
{Heap before GC invocations=20 (full 4):
 PSYoungGen      total 233472K, used 3314K [0x00000000e0000000, 0x00000000f0700000, 0x0000000100000000)
  eden space 203776K, 1% used [0x00000000e0000000,0x00000000e033c9c0,0x00000000ec700000)
  from space 29696K, 0% used [0x00000000ec700000,0x00000000ec700000,0x00000000ee400000)
  to   space 30720K, 0% used [0x00000000ee400000,0x00000000ee400000,0x00000000f0200000)
 ParOldGen       total 256000K, used 48231K [0x00000000a0000000, 0x00000000afa00000, 0x00000000e0000000)
  object space 256000K, 18% used [0x00000000a0000000,0x00000000a2f19d08,0x00000000afa00000)
 Metaspace       used 85333K, capacity 88308K, committed 88792K, reserved 1130496K
  class space    used 10927K, capacity 11571K, committed 11736K, reserved 1048576K
Event: 246.090 GC heap after
Heap after GC invocations=20 (full 4):
 PSYoungGen      total 234496K, used 480K [0x00000000e0000000, 0x00000000f0700000, 0x0000000100000000)
  eden space 203776K, 0% used [0x00000000e0000000,0x00000000e0000000,0x00000000ec700000)
  from space 30720K, 1% used [0x00000000ee400000,0x00000000ee478000,0x00000000f0200000)
  to   space 29696K, 0% used [0x00000000ec700000,0x00000000ec700000,0x00000000ee400000)
 ParOldGen       total 256000K, used 48231K [0x00000000a0000000, 0x00000000afa00000, 0x00000000e0000000)
  object space 256000K, 18% used [0x00000000a0000000,0x00000000a2f19d08,0x00000000afa00000)
 Metaspace       used 85333K, capacity 88308K, committed 88792K, reserved 1130496K
  class space    used 10927K, capacity 11571K, committed 11736K, reserved 1048576K
}
Event: 246.090 GC heap before
{Heap before GC invocations=21 (full 5):
 PSYoungGen      total 234496K, used 480K [0x00000000e0000000, 0x00000000f0700000, 0x0000000100000000)
  eden space 203776K, 0% used [0x00000000e0000000,0x00000000e0000000,0x00000000ec700000)
  from space 30720K, 1% used [0x00000000ee400000,0x00000000ee478000,0x00000000f0200000)
  to   space 29696K, 0% used [0x00000000ec700000,0x00000000ec700000,0x00000000ee400000)
 ParOldGen       total 256000K, used 48231K [0x00000000a0000000, 0x00000000afa00000, 0x00000000e0000000)
  object space 256000K, 18% used [0x00000000a0000000,0x00000000a2f19d08,0x00000000afa00000)
 Metaspace       used 85333K, capacity 88308K, committed 88792K, reserved 1130496K
  class space    used 10927K, capacity 11571K, committed 11736K, reserved 1048576K
Event: 246.573 GC heap after
Heap after GC invocations=21 (full 5):
 PSYoungGen      total 234496K, used 0K [0x00000000e0000000, 0x00000000f0700000, 0x0000000100000000)
  eden space 203776K, 0% used [0x00000000e0000000,0x00000000e0000000,0x00000000ec700000)
  from space 30720K, 0% used [0x00000000ee400000,0x00000000ee400000,0x00000000f0200000)
  to   space 29696K, 0% used [0x00000000ec700000,0x00000000ec700000,0x00000000ee400000)
 ParOldGen       total 256000K, used 46784K [0x00000000a0000000, 0x00000000afa00000, 0x00000000e0000000)
  object space 256000K, 18% used [0x00000000a0000000,0x00000000a2db0058,0x00000000afa00000)
 Metaspace       used 85333K, capacity 88308K, committed 88792K, reserved 1128448K
  class space    used 10927K, capacity 11571K, committed 11736K, reserved 1048576K
}
Event: 634.359 GC heap before
{Heap before GC invocations=22 (full 5):
 PSYoungGen      total 234496K, used 203776K [0x00000000e0000000, 0x00000000f0700000, 0x0000000100000000)
  eden space 203776K, 100% used [0x00000000e0000000,0x00000000ec700000,0x00000000ec700000)
  from space 30720K, 0% used [0x00000000ee400000,0x00000000ee400000,0x00000000f0200000)
  to   space 29696K, 0% used [0x00000000ec700000,0x00000000ec700000,0x00000000ee400000)
 ParOldGen       total 256000K, used 46784K [0x00000000a0000000, 0x00000000afa00000, 0x00000000e0000000)
  object space 256000K, 18% used [0x00000000a0000000,0x00000000a2db0058,0x00000000afa00000)
 Metaspace       used 87591K, capacity 90686K, committed 90968K, reserved 1128448K
  class space    used 11111K, capacity 11780K, committed 11864K, reserved 1048576K
Event: 634.399 GC heap after
Heap after GC invocations=22 (full 5):
 PSYoungGen      total 233472K, used 26809K [0x00000000e0000000, 0x00000000f0b00000, 0x0000000100000000)
  eden space 203776K, 0% used [0x00000000e0000000,0x00000000e0000000,0x00000000ec700000)
  from space 29696K, 90% used [0x00000000ec700000,0x00000000ee12e510,0x00000000ee400000)
  to   space 33280K, 0% used [0x00000000eea80000,0x00000000eea80000,0x00000000f0b00000)
 ParOldGen       total 256000K, used 46792K [0x00000000a0000000, 0x00000000afa00000, 0x00000000e0000000)
  object space 256000K, 18% used [0x00000000a0000000,0x00000000a2db2058,0x00000000afa00000)
 Metaspace       used 87591K, capacity 90686K, committed 90968K, reserved 1128448K
  class space    used 11111K, capacity 11780K, committed 11864K, reserved 1048576K
}

