# JRE version: OpenJDK Runtime Environment (8.0_202-b03) (build 1.8.0_202-release-1483-b03)
# Java VM: OpenJDK 64-Bit Server VM (25.202-b03 mixed mode windows-amd64 compressed oops)
Heap:
 PSYoungGen      total 142848K, used 128738K [0x00000000e0000000, 0x00000000ea080000, 0x0000000100000000)
  eden space 124416K, 90% used [0x00000000e0000000,0x00000000e6e78278,0x00000000e7980000)
  from space 18432K, 84% used [0x00000000e8e80000,0x00000000e9dc0718,0x00000000ea080000)
  to   space 19968K, 0% used [0x00000000e7980000,0x00000000e7980000,0x00000000e8d00000)
 ParOldGen       total 192512K, used 33852K [0x00000000a0000000, 0x00000000abc00000, 0x00000000e0000000)
  object space 192512K, 17% used [0x00000000a0000000,0x00000000a210f108,0x00000000abc00000)
 Metaspace       used 75901K, capacity 79282K, committed 79400K, reserved 1118208K
  class space    used 10020K, capacity 10699K, committed 10792K, reserved 1048576K
GC Heap History (10 events):
Event: 8.907 GC heap before
{Heap before GC invocations=11 (full 2):
 PSYoungGen      total 130560K, used 121274K [0x00000000e0000000, 0x00000000e9700000, 0x0000000100000000)
  eden space 116736K, 92% used [0x00000000e0000000,0x00000000e68f16e8,0x00000000e7200000)
  from space 13824K, 99% used [0x00000000e8200000,0x00000000e8f7d460,0x00000000e8f80000)
  to   space 16384K, 0% used [0x00000000e7200000,0x00000000e7200000,0x00000000e8200000)
 ParOldGen       total 192512K, used 20052K [0x00000000a0000000, 0x00000000abc00000, 0x00000000e0000000)
  object space 192512K, 10% used [0x00000000a0000000,0x00000000a1395388,0x00000000abc00000)
 Metaspace       used 57040K, capacity 59046K, committed 59160K, reserved 1099776K
  class space    used 7806K, capacity 8249K, committed 8360K, reserved 1048576K
Event: 8.930 GC heap after
Heap after GC invocations=11 (full 2):
 PSYoungGen      total 133120K, used 16361K [0x00000000e0000000, 0x00000000e9700000, 0x0000000100000000)
  eden space 116736K, 0% used [0x00000000e0000000,0x00000000e0000000,0x00000000e7200000)
  from space 16384K, 99% used [0x00000000e7200000,0x00000000e81fa690,0x00000000e8200000)
  to   space 13824K, 0% used [0x00000000e8200000,0x00000000e8200000,0x00000000e8f80000)
 ParOldGen       total 192512K, used 23241K [0x00000000a0000000, 0x00000000abc00000, 0x00000000e0000000)
  object space 192512K, 12% used [0x00000000a0000000,0x00000000a16b2670,0x00000000abc00000)
 Metaspace       used 57040K, capacity 59046K, committed 59160K, reserved 1099776K
  class space    used 7806K, capacity 8249K, committed 8360K, reserved 1048576K
}
Event: 8.930 GC heap before
{Heap before GC invocations=12 (full 3):
 PSYoungGen      total 133120K, used 16361K [0x00000000e0000000, 0x00000000e9700000, 0x0000000100000000)
  eden space 116736K, 0% used [0x00000000e0000000,0x00000000e0000000,0x00000000e7200000)
  from space 16384K, 99% used [0x00000000e7200000,0x00000000e81fa690,0x00000000e8200000)
  to   space 13824K, 0% used [0x00000000e8200000,0x00000000e8200000,0x00000000e8f80000)
 ParOldGen       total 192512K, used 23241K [0x00000000a0000000, 0x00000000abc00000, 0x00000000e0000000)
  object space 192512K, 12% used [0x00000000a0000000,0x00000000a16b2670,0x00000000abc00000)
 Metaspace       used 57040K, capacity 59046K, committed 59160K, reserved 1099776K
  class space    used 7806K, capacity 8249K, committed 8360K, reserved 1048576K
Event: 9.197 GC heap after
Heap after GC invocations=12 (full 3):
 PSYoungGen      total 133120K, used 0K [0x00000000e0000000, 0x00000000e9700000, 0x0000000100000000)
  eden space 116736K, 0% used [0x00000000e0000000,0x00000000e0000000,0x00000000e7200000)
  from space 16384K, 0% used [0x00000000e7200000,0x00000000e7200000,0x00000000e8200000)
  to   space 13824K, 0% used [0x00000000e8200000,0x00000000e8200000,0x00000000e8f80000)
 ParOldGen       total 192512K, used 33828K [0x00000000a0000000, 0x00000000abc00000, 0x00000000e0000000)
  object space 192512K, 17% used [0x00000000a0000000,0x00000000a2109108,0x00000000abc00000)
 Metaspace       used 57011K, capacity 58950K, committed 59160K, reserved 1099776K
  class space    used 7797K, capacity 8233K, committed 8360K, reserved 1048576K
}
Event: 10.750 GC heap before
{Heap before GC invocations=13 (full 3):
 PSYoungGen      total 133120K, used 116736K [0x00000000e0000000, 0x00000000e9700000, 0x0000000100000000)
  eden space 116736K, 100% used [0x00000000e0000000,0x00000000e7200000,0x00000000e7200000)
  from space 16384K, 0% used [0x00000000e7200000,0x00000000e7200000,0x00000000e8200000)
  to   space 13824K, 0% used [0x00000000e8200000,0x00000000e8200000,0x00000000e8f80000)
 ParOldGen       total 192512K, used 33828K [0x00000000a0000000, 0x00000000abc00000, 0x00000000e0000000)
  object space 192512K, 17% used [0x00000000a0000000,0x00000000a2109108,0x00000000abc00000)
 Metaspace       used 63030K, capacity 65452K, committed 65832K, reserved 1105920K
  class space    used 8627K, capacity 9131K, committed 9256K, reserved 1048576K
Event: 10.763 GC heap after
Heap after GC invocations=13 (full 3):
 PSYoungGen      total 128000K, used 9763K [0x00000000e0000000, 0x00000000ea600000, 0x0000000100000000)
  eden space 114176K, 0% used [0x00000000e0000000,0x00000000e0000000,0x00000000e6f80000)
  from space 13824K, 70% used [0x00000000e8200000,0x00000000e8b88d10,0x00000000e8f80000)
  to   space 18944K, 0% used [0x00000000e6f80000,0x00000000e6f80000,0x00000000e8200000)
 ParOldGen       total 192512K, used 33836K [0x00000000a0000000, 0x00000000abc00000, 0x00000000e0000000)
  object space 192512K, 17% used [0x00000000a0000000,0x00000000a210b108,0x00000000abc00000)
 Metaspace       used 63030K, capacity 65452K, committed 65832K, reserved 1105920K
  class space    used 8627K, capacity 9131K, committed 9256K, reserved 1048576K
}
Event: 124.300 GC heap before
{Heap before GC invocations=14 (full 3):
 PSYoungGen      total 128000K, used 123939K [0x00000000e0000000, 0x00000000ea600000, 0x0000000100000000)
  eden space 114176K, 100% used [0x00000000e0000000,0x00000000e6f80000,0x00000000e6f80000)
  from space 13824K, 70% used [0x00000000e8200000,0x00000000e8b88d10,0x00000000e8f80000)
  to   space 18944K, 0% used [0x00000000e6f80000,0x00000000e6f80000,0x00000000e8200000)
 ParOldGen       total 192512K, used 33836K [0x00000000a0000000, 0x00000000abc00000, 0x00000000e0000000)
  object space 192512K, 17% used [0x00000000a0000000,0x00000000a210b108,0x00000000abc00000)
 Metaspace       used 67478K, capacity 70288K, committed 70568K, reserved 1110016K
  class space    used 9003K, capacity 9574K, committed 9640K, reserved 1048576K
Event: 124.312 GC heap after
Heap after GC invocations=14 (full 3):
 PSYoungGen      total 133120K, used 13910K [0x00000000e0000000, 0x00000000ea180000, 0x0000000100000000)
  eden space 114176K, 0% used [0x00000000e0000000,0x00000000e0000000,0x00000000e6f80000)
  from space 18944K, 73% used [0x00000000e6f80000,0x00000000e7d159c0,0x00000000e8200000)
  to   space 19456K, 0% used [0x00000000e8e80000,0x00000000e8e80000,0x00000000ea180000)
 ParOldGen       total 192512K, used 33844K [0x00000000a0000000, 0x00000000abc00000, 0x00000000e0000000)
  object space 192512K, 17% used [0x00000000a0000000,0x00000000a210d108,0x00000000abc00000)
 Metaspace       used 67478K, capacity 70288K, committed 70568K, reserved 1110016K
  class space    used 9003K, capacity 9574K, committed 9640K, reserved 1048576K
}
Event: 144.222 GC heap before
{Heap before GC invocations=15 (full 3):
 PSYoungGen      total 133120K, used 128086K [0x00000000e0000000, 0x00000000ea180000, 0x0000000100000000)
  eden space 114176K, 100% used [0x00000000e0000000,0x00000000e6f80000,0x00000000e6f80000)
  from space 18944K, 73% used [0x00000000e6f80000,0x00000000e7d159c0,0x00000000e8200000)
  to   space 19456K, 0% used [0x00000000e8e80000,0x00000000e8e80000,0x00000000ea180000)
 ParOldGen       total 192512K, used 33844K [0x00000000a0000000, 0x00000000abc00000, 0x00000000e0000000)
  object space 192512K, 17% used [0x00000000a0000000,0x00000000a210d108,0x00000000abc00000)
 Metaspace       used 70895K, capacity 74254K, committed 74408K, reserved 1114112K
  class space    used 9432K, capacity 10105K, committed 10152K, reserved 1048576K
Event: 144.257 GC heap after
Heap after GC invocations=15 (full 3):
 PSYoungGen      total 142848K, used 15617K [0x00000000e0000000, 0x00000000ea080000, 0x0000000100000000)
  eden space 124416K, 0% used [0x00000000e0000000,0x00000000e0000000,0x00000000e7980000)
  from space 18432K, 84% used [0x00000000e8e80000,0x00000000e9dc0718,0x00000000ea080000)
  to   space 19968K, 0% used [0x00000000e7980000,0x00000000e7980000,0x00000000e8d00000)
 ParOldGen       total 192512K, used 33852K [0x00000000a0000000, 0x00000000abc00000, 0x00000000e0000000)
  object space 192512K, 17% used [0x00000000a0000000,0x00000000a210f108,0x00000000abc00000)
 Metaspace       used 70895K, capacity 74254K, committed 74408K, reserved 1114112K
  class space    used 9432K, capacity 10105K, committed 10152K, reserved 1048576K
}

